build/intermediates/manifest_merge_blame_file/wearRelease/manifest-merger-blame-wear-release-report.txt
1<?xml version="1.0" encoding="utf-8"?>
2<manifest xmlns:android="http://schemas.android.com/apk/res/android"
3    package="com.android.talkback4d"
4    android:versionName="TfGH_release_12_2-2022_09_05_1530-wear" >
5
6    <uses-sdk
7        android:minSdkVersion="26"
7-->src/main/AndroidManifest.xml
8        android:targetSdkVersion="33" />
8-->src/main/AndroidManifest.xml
9
10    <!--
11  Strings with the format ${foo}, such as ${applicationId}, are called
12  placeholders, and they get replaced by the build system with the appropriate
13  value when a build executes.
14    -->
15
16
17    <!-- Permission used to restrict sending gestures and resuming feedback. -->
18    <permission
19        android:name="com.android.talkback.permission.TALKBACK"
19-->src/main/AndroidManifest.xml:13:7-47
20        android:description="@string/permission_talkback_desc"
20-->src/main/AndroidManifest.xml:14:7-61
21        android:icon="@drawable/ic_launcher"
21-->src/main/AndroidManifest.xml:15:7-43
22        android:label="@string/permission_talkback_label"
22-->src/main/AndroidManifest.xml:16:7-56
23        android:protectionLevel="signature" />
23-->src/main/AndroidManifest.xml:17:7-42
24
25    <!-- Required for shortcuts and widgets. -->
26    <uses-permission android:name="com.android.talkback.permission.TALKBACK" />
26-->src/main/AndroidManifest.xml:20:20-60
27
28    <uses-feature
28-->[:talkback] AndroidManifest.xml:8:5-10:35
29        android:name="android.hardware.type.watch"
29-->[:talkback] AndroidManifest.xml:9:9-51
30        android:required="true" />
30-->[:talkback] AndroidManifest.xml:10:9-32
31    <!--
32     Strings with the format ${foo}, such as ${applicationId}, are called
33    placeholders, and they get replaced by the build system with the appropriate
34    value when a build executes.
35    -->
36    <!--
37 The <queries> element allows us to ask the package manager about
38    the installation status of external components we are interested in. This
39    policy change was introduced in Android 11.
40    -->
41    <queries>
41-->[:talkback] AndroidManifest.xml:21:5-28:15
42        <intent>
42-->[:talkback] AndroidManifest.xml:22:9-24:18
43            <action android:name="android.intent.action.TTS_SERVICE" />
43-->[:talkback] AndroidManifest.xml:23:13-72
43-->[:talkback] AndroidManifest.xml:23:21-69
44        </intent>
45        <intent>
45-->[:talkback] AndroidManifest.xml:25:9-27:18
46            <action android:name="android.speech.RecognitionService" />
46-->[:talkback] AndroidManifest.xml:26:13-72
46-->[:talkback] AndroidManifest.xml:26:21-69
47        </intent>
48    </queries> <!-- Used by voice commands. -->
49    <uses-feature
49-->[:talkback] AndroidManifest.xml:29:5-31:36
50        android:name="android.hardware.microphone"
50-->[:talkback] AndroidManifest.xml:30:9-51
51        android:required="false" />
51-->[:talkback] AndroidManifest.xml:31:9-33
52    <uses-feature
52-->[:talkback] AndroidManifest.xml:32:5-34:36
53        android:name="android.hardware.location"
53-->[:talkback] AndroidManifest.xml:33:9-49
54        android:required="false" /> <!-- Required for fingerprint gesture. -->
54-->[:talkback] AndroidManifest.xml:34:9-33
55    <uses-permission android:name="android.permission.USE_FINGERPRINT" /> <!-- Required to monitor phone busy state. -->
55-->[:talkback] AndroidManifest.xml:35:5-74
55-->[:talkback] AndroidManifest.xml:35:22-71
56    <uses-permission android:name="android.permission.READ_PHONE_STATE" /> <!-- Required for haptic feedback. -->
56-->[:talkback] AndroidManifest.xml:36:5-75
56-->[:talkback] AndroidManifest.xml:36:22-72
57    <uses-permission android:name="android.permission.VIBRATE" /> <!-- Required for keeping the screen awake during continuous reading and key filtering. -->
57-->[:talkback] AndroidManifest.xml:37:5-66
57-->[:talkback] AndroidManifest.xml:37:22-63
58    <uses-permission android:name="android.permission.WAKE_LOCK" /> <!-- Required for managing audio levels on GB. -->
58-->[:talkback] AndroidManifest.xml:38:5-68
58-->[:talkback] AndroidManifest.xml:38:22-65
59    <uses-permission android:name="android.permission.MODIFY_AUDIO_SETTINGS" /> <!-- Required for speech recognition and hearing user's audio -->
59-->[:talkback] AndroidManifest.xml:39:5-80
59-->[:talkback] AndroidManifest.xml:39:22-77
60    <uses-permission android:name="android.permission.RECORD_AUDIO" /> <!-- Required for App Enumeration -->
60-->[:talkback] AndroidManifest.xml:40:5-71
60-->[:talkback] AndroidManifest.xml:40:22-68
61    <uses-permission android:name="android.permission.QUERY_ALL_PACKAGES" /> <!-- Required for sending data to Google Analytics. -->
61-->[:talkback] AndroidManifest.xml:41:5-77
61-->[:talkback] AndroidManifest.xml:41:22-74
62    <uses-permission android:name="android.permission.INTERNET" />
62-->[:talkback] AndroidManifest.xml:42:5-67
62-->[:talkback] AndroidManifest.xml:42:22-64
63    <uses-permission android:name="android.permission.ACCESS_NETWORK_STATE" />
63-->[:talkback] AndroidManifest.xml:43:5-79
63-->[:talkback] AndroidManifest.xml:43:22-76
64    <uses-permission android:name="android.permission.RECEIVE_BOOT_COMPLETED" /> <!-- Required for calling Service.startForeground after API 28. -->
64-->[:talkback] AndroidManifest.xml:44:5-81
64-->[:talkback] AndroidManifest.xml:44:22-78
65    <uses-permission android:name="android.permission.FOREGROUND_SERVICE" /> <!-- Required for Primes. -->
65-->[:talkback] AndroidManifest.xml:45:5-77
65-->[:talkback] AndroidManifest.xml:45:22-74
66    <uses-permission android:name="android.permission.GET_PACKAGE_SIZE" /> <!-- Used to control Primes collection using Gservices flags -->
66-->[:talkback] AndroidManifest.xml:46:5-75
66-->[:talkback] AndroidManifest.xml:46:22-72
67    <uses-permission android:name="com.google.android.providers.gsf.permission.READ_GSERVICES" /> <!-- Hardware compatibility. -->
67-->[:talkback] AndroidManifest.xml:47:5-98
67-->[:talkback] AndroidManifest.xml:47:22-95
68    <uses-feature
68-->[:talkback] AndroidManifest.xml:48:5-50:36
69        android:name="android.hardware.touchscreen"
69-->[:talkback] AndroidManifest.xml:49:9-52
70        android:required="false" />
70-->[:talkback] AndroidManifest.xml:50:9-33
71    <uses-feature
71-->[:talkback] AndroidManifest.xml:51:5-53:36
72        android:name="android.hardware.sensor.accelerometer"
72-->[:talkback] AndroidManifest.xml:52:9-61
73        android:required="false" />
73-->[:talkback] AndroidManifest.xml:53:9-33
74
75    <permission
75-->[androidx.core:core:1.9.0-rc01] AndroidManifest.xml:22:5-24:47
76        android:name="com.android.talkback4d.DYNAMIC_RECEIVER_NOT_EXPORTED_PERMISSION"
76-->[androidx.core:core:1.9.0-rc01] AndroidManifest.xml:23:9-81
77        android:protectionLevel="signature" />
77-->[androidx.core:core:1.9.0-rc01] AndroidManifest.xml:24:9-44
78
79    <uses-permission android:name="com.android.talkback4d.DYNAMIC_RECEIVER_NOT_EXPORTED_PERMISSION" />
79-->[androidx.core:core:1.9.0-rc01] AndroidManifest.xml:26:5-97
79-->[androidx.core:core:1.9.0-rc01] AndroidManifest.xml:26:22-94
80
81    <application
81-->[:talkback] AndroidManifest.xml:55:5-257:19
82        android:appComponentFactory="androidx.core.app.CoreComponentFactory"
82-->[androidx.core:core:1.9.0-rc01] AndroidManifest.xml:28:18-86
83        android:extractNativeLibs="false"
84        android:icon="@drawable/ic_launcher"
84-->[:talkback] AndroidManifest.xml:56:9-45
85        android:label="@string/app_name"
85-->[:talkback] AndroidManifest.xml:57:9-41
86        android:roundIcon="@drawable/ic_launcher_round"
86-->[:talkback] AndroidManifest.xml:58:9-56
87        android:supportsRtl="true" >
87-->[:talkback] AndroidManifest.xml:59:9-35
88        <receiver
88-->[:talkback] AndroidManifest.xml:60:9-70:20
89            android:name="com.google.android.accessibility.talkback.BootReceiver"
89-->[:talkback] AndroidManifest.xml:61:13-82
90            android:directBootAware="true"
90-->[:talkback] AndroidManifest.xml:62:13-43
91            android:exported="true" >
91-->[:talkback] AndroidManifest.xml:63:13-36
92            <intent-filter>
92-->[:talkback] AndroidManifest.xml:64:13-69:29
93                <action android:name="android.intent.action.LOCKED_BOOT_COMPLETED" />
93-->[:talkback] AndroidManifest.xml:65:17-86
93-->[:talkback] AndroidManifest.xml:65:25-83
94                <action android:name="android.intent.action.BOOT_COMPLETED" />
94-->[:talkback] AndroidManifest.xml:66:17-79
94-->[:talkback] AndroidManifest.xml:66:25-76
95
96                <category android:name="android.intent.category.DEFAULT" />
96-->[:talkback] AndroidManifest.xml:68:17-76
96-->[:talkback] AndroidManifest.xml:68:27-73
97            </intent-filter>
98        </receiver>
99
100        <!-- TalkBack -->
101        <service
101-->[:talkback] AndroidManifest.xml:73:9-92:19
102            android:name="com.developer.talkback.TalkBackDevService"
102-->[:talkback] AndroidManifest.xml:74:13-69
103            android:directBootAware="true"
103-->[:talkback] AndroidManifest.xml:75:13-43
104            android:exported="true"
104-->[:talkback] AndroidManifest.xml:76:13-36
105            android:icon="@drawable/ic_launcher"
105-->[:talkback] AndroidManifest.xml:77:13-49
106            android:label="@string/talkback_title"
106-->[:talkback] AndroidManifest.xml:78:13-51
107            android:permission="android.permission.BIND_ACCESSIBILITY_SERVICE"
107-->[:talkback] AndroidManifest.xml:79:13-79
108            android:settingsActivity="com.android.talkback.TalkBackPreferencesActivity" >
108-->[:talkback] AndroidManifest.xml:80:13-88
109            <intent-filter>
109-->[:talkback] AndroidManifest.xml:81:13-87:29
110                <action android:name="android.accessibilityservice.AccessibilityService" />
110-->[:talkback] AndroidManifest.xml:82:17-92
110-->[:talkback] AndroidManifest.xml:82:25-89
111
112                <category android:name="android.accessibilityservice.category.FEEDBACK_AUDIBLE" />
112-->[:talkback] AndroidManifest.xml:84:17-99
112-->[:talkback] AndroidManifest.xml:84:27-96
113                <category android:name="android.accessibilityservice.category.FEEDBACK_HAPTIC" />
113-->[:talkback] AndroidManifest.xml:85:17-98
113-->[:talkback] AndroidManifest.xml:85:27-95
114                <category android:name="android.accessibilityservice.category.FEEDBACK_SPOKEN" />
114-->[:talkback] AndroidManifest.xml:86:17-98
114-->[:talkback] AndroidManifest.xml:86:27-95
115            </intent-filter>
116
117            <meta-data
117-->[:talkback] AndroidManifest.xml:89:13-91:64
118                android:name="android.accessibilityservice"
118-->[:talkback] AndroidManifest.xml:90:17-60
119                android:resource="@xml/accessibilityservice" />
119-->[:talkback] AndroidManifest.xml:91:17-61
120        </service>
121        <service
121-->[:talkback] AndroidManifest.xml:93:9-98:50
122            android:name="com.google.android.accessibility.talkback.ipc.IpcService"
122-->[:talkback] AndroidManifest.xml:94:13-84
123            android:enabled="true"
123-->[:talkback] AndroidManifest.xml:95:13-35
124            android:exported="false"
124-->[:talkback] AndroidManifest.xml:96:13-37
125            android:icon="@drawable/icon"
125-->[:talkback] AndroidManifest.xml:97:13-42
126            android:label="TalkBackIpcService" />
126-->[:talkback] AndroidManifest.xml:98:13-47
127
128        <!-- TalkBack Preferences -->
129        <activity
129-->[:talkback] AndroidManifest.xml:101:9-115:20
130            android:name="com.android.talkback.TalkBackPreferencesActivity"
130-->[:talkback] AndroidManifest.xml:102:13-76
131            android:configChanges="orientation|screenSize"
131-->[:talkback] AndroidManifest.xml:103:13-59
132            android:exported="true"
132-->[:talkback] AndroidManifest.xml:104:13-36
133            android:label="@string/talkback_preferences_title"
133-->[:talkback] AndroidManifest.xml:105:13-63
134            android:launchMode="singleTop"
134-->[:talkback] AndroidManifest.xml:106:13-43
135            android:taskAffinity="com.google.android.accessibility.talkback.SettingsAffinity"
135-->[:talkback] AndroidManifest.xml:107:13-94
136            android:theme="@style/TalkBackSettings" >
136-->[:talkback] AndroidManifest.xml:108:13-52
137            <intent-filter>
137-->[:talkback] AndroidManifest.xml:110:13-114:29
138                <action android:name="android.intent.action.MAIN" />
138-->[:talkback] AndroidManifest.xml:111:17-69
138-->[:talkback] AndroidManifest.xml:111:25-66
139
140                <category android:name="android.accessibilityservice.SERVICE_SETTINGS" />
140-->[:talkback] AndroidManifest.xml:113:17-90
140-->[:talkback] AndroidManifest.xml:113:27-87
141            </intent-filter>
142        </activity>
143
144        <!-- TalkBack Gesture Shortcut Preferences -->
145        <activity
145-->[:talkback] AndroidManifest.xml:118:9-134:20
146            android:name="com.google.android.accessibility.talkback.preference.TalkBackShortcutPreferencesActivity"
146-->[:talkback] AndroidManifest.xml:119:13-116
147            android:configChanges="orientation|screenSize"
147-->[:talkback] AndroidManifest.xml:120:13-59
148            android:exported="true"
148-->[:talkback] AndroidManifest.xml:121:13-36
149            android:label="@string/title_pref_category_manage_gestures"
149-->[:talkback] AndroidManifest.xml:122:13-72
150            android:launchMode="singleTop"
150-->[:talkback] AndroidManifest.xml:123:13-43
151            android:taskAffinity="com.google.android.accessibility.talkback.SettingsAffinity"
151-->[:talkback] AndroidManifest.xml:124:13-94
152            android:theme="@style/TalkBackSettings" >
152-->[:talkback] AndroidManifest.xml:125:13-52
153
154            <!-- This preference activity can receive an implicit intent action -->
155            <intent-filter>
155-->[:talkback] AndroidManifest.xml:129:13-133:29
156                <action android:name=".TalkBackShortcutPreferencesActivity" />
157
158                <category android:name="android.intent.category.DEFAULT" />
158-->[:talkback] AndroidManifest.xml:68:17-76
158-->[:talkback] AndroidManifest.xml:68:27-73
159            </intent-filter>
160        </activity>
161
162        <!-- TalkBack permission request activity proxy -->
163        <activity
163-->[:talkback] AndroidManifest.xml:137:9-144:20
164            android:name="com.google.android.accessibility.talkback.permission.PermissionRequestActivity"
164-->[:talkback] AndroidManifest.xml:138:13-106
165            android:directBootAware="true"
165-->[:talkback] AndroidManifest.xml:139:13-43
166            android:excludeFromRecents="true"
166-->[:talkback] AndroidManifest.xml:140:13-46
167            android:exported="false"
167-->[:talkback] AndroidManifest.xml:141:13-37
168            android:noHistory="false"
168-->[:talkback] AndroidManifest.xml:142:13-38
169            android:theme="@style/BlankActivityTheme" >
169-->[:talkback] AndroidManifest.xml:143:13-54
170        </activity>
171
172        <!-- TalkBack tutorial and help preferences -->
173        <activity
173-->[:talkback] AndroidManifest.xml:147:9-162:20
174            android:name="com.google.android.accessibility.talkback.preference.TalkBackHelpPreferencesActivity"
174-->[:talkback] AndroidManifest.xml:148:13-112
175            android:configChanges="orientation|screenSize"
175-->[:talkback] AndroidManifest.xml:149:13-59
176            android:exported="false"
176-->[:talkback] AndroidManifest.xml:150:13-37
177            android:label="@string/title_pref_category_tutorial_and_help"
177-->[:talkback] AndroidManifest.xml:151:13-74
178            android:launchMode="singleTop"
178-->[:talkback] AndroidManifest.xml:152:13-43
179            android:taskAffinity="com.google.android.accessibility.talkback.SettingsAffinity"
179-->[:talkback] AndroidManifest.xml:153:13-94
180            android:theme="@style/TalkBackSettings" >
180-->[:talkback] AndroidManifest.xml:154:13-52
181
182            <!-- This preference activity can receive an implicit intent action -->
183            <intent-filter>
183-->[:talkback] AndroidManifest.xml:157:13-161:29
184                <action android:name=".preference.TalkBackHelpPreferencesActivity" />
185
186                <category android:name="android.intent.category.DEFAULT" />
186-->[:talkback] AndroidManifest.xml:68:17-76
186-->[:talkback] AndroidManifest.xml:68:27-73
187            </intent-filter>
188        </activity>
189
190        <!-- TalkBack training -->
191        <!-- To prevent slowdown of talkback event-handlers, arrange to run on a separate process. -->
192        <activity
192-->[:talkback] AndroidManifest.xml:166:9-176:20
193            android:name="com.google.android.accessibility.talkback.training.TrainingActivity"
193-->[:talkback] AndroidManifest.xml:167:13-95
194            android:configChanges="keyboardHidden|orientation|screenSize"
194-->[:talkback] AndroidManifest.xml:168:13-74
195            android:directBootAware="true"
195-->[:talkback] AndroidManifest.xml:169:13-43
196            android:exported="true"
196-->[:talkback] AndroidManifest.xml:170:13-36
197            android:launchMode="singleTop"
197-->[:talkback] AndroidManifest.xml:171:13-43
198            android:process=":Tutorial"
198-->[:talkback] AndroidManifest.xml:172:13-40
199            android:theme="@style/TrainingActivityTheme"
199-->[:talkback] AndroidManifest.xml:173:13-57
200            android:windowSoftInputMode="adjustResize" >
200-->[:talkback] AndroidManifest.xml:174:13-55
201        </activity>
202        <activity
202-->[:talkback] AndroidManifest.xml:177:9-183:20
203            android:name="com.google.android.accessibility.talkback.labeling.LabelImportActivity"
203-->[:talkback] AndroidManifest.xml:178:13-98
204            android:excludeFromRecents="true"
204-->[:talkback] AndroidManifest.xml:179:13-46
205            android:exported="true"
205-->[:talkback] AndroidManifest.xml:180:13-36
206            android:launchMode="singleInstance"
206-->[:talkback] AndroidManifest.xml:181:13-48
207            android:theme="@style/DialogStyle" >
207-->[:talkback] AndroidManifest.xml:182:13-47
208        </activity>
209
210        <!-- Custom Label Manager - Summary Activity -->
211        <activity
211-->[:talkback] AndroidManifest.xml:186:9-200:20
212            android:name="com.google.android.accessibility.talkback.labeling.LabelManagerSummaryActivity"
212-->[:talkback] AndroidManifest.xml:187:13-106
213            android:exported="false"
213-->[:talkback] AndroidManifest.xml:188:13-37
214            android:label="@string/label_manager_summary_title"
214-->[:talkback] AndroidManifest.xml:189:13-64
215            android:launchMode="singleTop"
215-->[:talkback] AndroidManifest.xml:190:13-43
216            android:taskAffinity="com.google.android.accessibility.talkback.SettingsAffinity"
216-->[:talkback] AndroidManifest.xml:191:13-94
217            android:theme="@style/TalkBackSettings" >
217-->[:talkback] AndroidManifest.xml:192:13-52
218
219            <!-- This preference activity can receive an implicit intent action -->
220            <intent-filter>
220-->[:talkback] AndroidManifest.xml:195:13-199:29
221                <action android:name=".labeling.TalkBackSelectorPreferencesActivity" />
222
223                <category android:name="android.intent.category.DEFAULT" />
223-->[:talkback] AndroidManifest.xml:68:17-76
223-->[:talkback] AndroidManifest.xml:68:27-73
224            </intent-filter>
225        </activity>
226
227        <!-- Custom Label Manager - Package Activity -->
228        <activity
228-->[:talkback] AndroidManifest.xml:203:9-209:55
229            android:name="com.google.android.accessibility.talkback.labeling.LabelManagerPackageActivity"
229-->[:talkback] AndroidManifest.xml:204:13-106
230            android:exported="false"
230-->[:talkback] AndroidManifest.xml:205:13-37
231            android:label="@string/manage_label"
231-->[:talkback] AndroidManifest.xml:206:13-49
232            android:launchMode="singleTop"
232-->[:talkback] AndroidManifest.xml:207:13-43
233            android:taskAffinity="com.google.android.accessibility.talkback.SettingsAffinity"
233-->[:talkback] AndroidManifest.xml:208:13-94
234            android:theme="@style/TalkBackSettings" />
234-->[:talkback] AndroidManifest.xml:209:13-52
235
236        <!-- Gesture Change Notification Activity -->
237        <activity
237-->[:talkback] AndroidManifest.xml:212:9-221:20
238            android:name="com.google.android.accessibility.talkback.preference.GestureChangeNotificationActivity"
238-->[:talkback] AndroidManifest.xml:213:13-114
239            android:directBootAware="true"
239-->[:talkback] AndroidManifest.xml:214:13-43
240            android:exported="true"
240-->[:talkback] AndroidManifest.xml:215:13-36
241            android:theme="@style/DialogStyle" >
241-->[:talkback] AndroidManifest.xml:216:13-47
242            <intent-filter>
242-->[:talkback] AndroidManifest.xml:218:13-220:29
243                <action android:name="android.intent.action.MAIN" />
243-->[:talkback] AndroidManifest.xml:111:17-69
243-->[:talkback] AndroidManifest.xml:111:25-66
244            </intent-filter>
245        </activity>
246
247        <!-- Notification Activity used periodically to inform the user of changes -->
248        <activity
248-->[:talkback] AndroidManifest.xml:224:9-233:20
249            android:name="com.google.android.accessibility.talkback.NotificationActivity"
249-->[:talkback] AndroidManifest.xml:225:13-90
250            android:directBootAware="true"
250-->[:talkback] AndroidManifest.xml:226:13-43
251            android:exported="true"
251-->[:talkback] AndroidManifest.xml:227:13-36
252            android:theme="@style/DialogStyle" >
252-->[:talkback] AndroidManifest.xml:228:13-47
253            <intent-filter>
253-->[:talkback] AndroidManifest.xml:218:13-220:29
254                <action android:name="android.intent.action.MAIN" />
254-->[:talkback] AndroidManifest.xml:111:17-69
254-->[:talkback] AndroidManifest.xml:111:25-66
255            </intent-filter>
256        </activity>
257
258        <!-- Content provider for custom label data -->
259        <provider
259-->[:talkback] AndroidManifest.xml:236:9-240:39
260            android:name="com.google.android.accessibility.talkback.labeling.LabelProvider"
260-->[:talkback] AndroidManifest.xml:237:13-92
261            android:authorities="com.android.talkback4d.providers.LabelProvider"
261-->[:talkback] AndroidManifest.xml:238:13-75
262            android:directBootAware="true"
262-->[:talkback] AndroidManifest.xml:239:13-43
263            android:exported="true" />
263-->[:talkback] AndroidManifest.xml:240:13-36
264        <provider
264-->[:talkback] AndroidManifest.xml:241:9-249:20
265            android:name="androidx.core.content.FileProvider"
265-->[:talkback] AndroidManifest.xml:242:13-62
266            android:authorities="com.android.talkback4d.providers.FileProvider"
266-->[:talkback] AndroidManifest.xml:243:13-74
267            android:exported="false"
267-->[:talkback] AndroidManifest.xml:244:13-37
268            android:grantUriPermissions="true" >
268-->[:talkback] AndroidManifest.xml:245:13-47
269            <meta-data
269-->[:talkback] AndroidManifest.xml:246:13-248:54
270                android:name="android.support.FILE_PROVIDER_PATHS"
270-->[:talkback] AndroidManifest.xml:247:17-67
271                android:resource="@xml/file_paths" />
271-->[:talkback] AndroidManifest.xml:248:17-51
272        </provider>
273
274        <meta-data
274-->[:talkback] AndroidManifest.xml:251:9-253:58
275            android:name="support_lift_to_type"
275-->[:talkback] AndroidManifest.xml:252:13-48
276            android:value="@bool/support_lift_to_type" />
276-->[:talkback] AndroidManifest.xml:253:13-55
277        <meta-data
277-->[:talkback] AndroidManifest.xml:254:9-256:35
278            android:name="com.google.mlkit.vision.DEPENDENCIES"
278-->[:talkback] AndroidManifest.xml:255:13-64
279            android:value="ocr" />
279-->[:talkback] AndroidManifest.xml:256:13-32
280
281        <uses-library
281-->[com.google.android.support:wearable:2.8.1] AndroidManifest.xml:10:9-12:40
282            android:name="com.google.android.wearable"
282-->[com.google.android.support:wearable:2.8.1] AndroidManifest.xml:11:13-55
283            android:required="false" />
283-->[com.google.android.support:wearable:2.8.1] AndroidManifest.xml:12:13-37
284
285        <service
285-->[com.google.android.gms:play-services-mlkit-text-recognition-common:17.1.0] AndroidManifest.xml:9:9-15:19
286            android:name="com.google.mlkit.common.internal.MlKitComponentDiscoveryService"
286-->[com.google.android.gms:play-services-mlkit-text-recognition-common:17.1.0] AndroidManifest.xml:10:13-91
287            android:directBootAware="true"
287-->[com.google.mlkit:common:18.5.0] AndroidManifest.xml:17:13-43
288            android:exported="false" >
288-->[com.google.android.gms:play-services-mlkit-text-recognition-common:17.1.0] AndroidManifest.xml:11:13-37
289            <meta-data
289-->[com.google.android.gms:play-services-mlkit-text-recognition-common:17.1.0] AndroidManifest.xml:12:13-14:85
290                android:name="com.google.firebase.components:com.google.mlkit.vision.text.internal.TextRegistrar"
290-->[com.google.android.gms:play-services-mlkit-text-recognition-common:17.1.0] AndroidManifest.xml:13:17-114
291                android:value="com.google.firebase.components.ComponentRegistrar" />
291-->[com.google.android.gms:play-services-mlkit-text-recognition-common:17.1.0] AndroidManifest.xml:14:17-82
292            <meta-data
292-->[com.google.mlkit:vision-common:17.2.0] AndroidManifest.xml:12:13-14:85
293                android:name="com.google.firebase.components:com.google.mlkit.vision.common.internal.VisionCommonRegistrar"
293-->[com.google.mlkit:vision-common:17.2.0] AndroidManifest.xml:13:17-124
294                android:value="com.google.firebase.components.ComponentRegistrar" />
294-->[com.google.mlkit:vision-common:17.2.0] AndroidManifest.xml:14:17-82
295            <meta-data
295-->[com.google.mlkit:common:18.5.0] AndroidManifest.xml:20:13-22:85
296                android:name="com.google.firebase.components:com.google.mlkit.common.internal.CommonComponentRegistrar"
296-->[com.google.mlkit:common:18.5.0] AndroidManifest.xml:21:17-120
297                android:value="com.google.firebase.components.ComponentRegistrar" />
297-->[com.google.mlkit:common:18.5.0] AndroidManifest.xml:22:17-82
298        </service>
299
300        <provider
300-->[com.google.mlkit:common:18.5.0] AndroidManifest.xml:9:9-13:38
301            android:name="com.google.mlkit.common.internal.MlKitInitProvider"
301-->[com.google.mlkit:common:18.5.0] AndroidManifest.xml:10:13-78
302            android:authorities="com.android.talkback4d.mlkitinitprovider"
302-->[com.google.mlkit:common:18.5.0] AndroidManifest.xml:11:13-69
303            android:exported="false"
303-->[com.google.mlkit:common:18.5.0] AndroidManifest.xml:12:13-37
304            android:initOrder="99" />
304-->[com.google.mlkit:common:18.5.0] AndroidManifest.xml:13:13-35
305
306        <activity
306-->[com.google.android.gms:play-services-base:18.1.0] AndroidManifest.xml:20:9-22:45
307            android:name="com.google.android.gms.common.api.GoogleApiActivity"
307-->[com.google.android.gms:play-services-base:18.1.0] AndroidManifest.xml:20:19-85
308            android:exported="false"
308-->[com.google.android.gms:play-services-base:18.1.0] AndroidManifest.xml:22:19-43
309            android:theme="@android:style/Theme.Translucent.NoTitleBar" />
309-->[com.google.android.gms:play-services-base:18.1.0] AndroidManifest.xml:21:19-78
310
311        <meta-data
311-->[com.google.android.gms:play-services-basement:18.1.0] AndroidManifest.xml:21:9-23:69
312            android:name="com.google.android.gms.version"
312-->[com.google.android.gms:play-services-basement:18.1.0] AndroidManifest.xml:22:13-58
313            android:value="@integer/google_play_services_version" />
313-->[com.google.android.gms:play-services-basement:18.1.0] AndroidManifest.xml:23:13-66
314
315        <provider
315-->[androidx.emoji2:emoji2:1.2.0] AndroidManifest.xml:24:9-32:20
316            android:name="androidx.startup.InitializationProvider"
316-->[androidx.emoji2:emoji2:1.2.0] AndroidManifest.xml:25:13-67
317            android:authorities="com.android.talkback4d.androidx-startup"
317-->[androidx.emoji2:emoji2:1.2.0] AndroidManifest.xml:26:13-68
318            android:exported="false" >
318-->[androidx.emoji2:emoji2:1.2.0] AndroidManifest.xml:27:13-37
319            <meta-data
319-->[androidx.emoji2:emoji2:1.2.0] AndroidManifest.xml:29:13-31:52
320                android:name="androidx.emoji2.text.EmojiCompatInitializer"
320-->[androidx.emoji2:emoji2:1.2.0] AndroidManifest.xml:30:17-75
321                android:value="androidx.startup" />
321-->[androidx.emoji2:emoji2:1.2.0] AndroidManifest.xml:31:17-49
322            <meta-data
322-->[androidx.lifecycle:lifecycle-process:2.4.1] AndroidManifest.xml:31:13-33:52
323                android:name="androidx.lifecycle.ProcessLifecycleInitializer"
323-->[androidx.lifecycle:lifecycle-process:2.4.1] AndroidManifest.xml:32:17-78
324                android:value="androidx.startup" />
324-->[androidx.lifecycle:lifecycle-process:2.4.1] AndroidManifest.xml:33:17-49
325        </provider>
326
327        <service
327-->[com.google.android.datatransport:transport-backend-cct:2.3.3] AndroidManifest.xml:29:9-35:19
328            android:name="com.google.android.datatransport.runtime.backends.TransportBackendDiscovery"
328-->[com.google.android.datatransport:transport-backend-cct:2.3.3] AndroidManifest.xml:30:13-103
329            android:exported="false" >
329-->[com.google.android.datatransport:transport-backend-cct:2.3.3] AndroidManifest.xml:31:13-37